<?xml version="1.0" encoding="UTF-8"?>
<robot generator="Robot 3.2.2 (Python 3.9.1 on win32)" generated="20210308 23:01:47.743" rpa="false">
<suite id="s1" name="DiscoverRobotFramework" source="C:\Users\bilal\PycharmProjects\RobotFrameworkGlobal\RobotFramework\Tests\FunctionalTestSuite\DiscoverRobotFramework.robot">
<test id="s1-t1" name="Calcul">
<kw name="Convert To Number" library="BuiltIn">
<doc>Converts the given item to a floating point number.</doc>
<arguments>
<arg>${operand1}</arg>
</arguments>
<assign>
<var>${ints1}</var>
</assign>
<msg timestamp="20210308 23:01:47.762" level="INFO">${ints1} = 12.0</msg>
<status status="PASS" starttime="20210308 23:01:47.762" endtime="20210308 23:01:47.763"></status>
</kw>
<kw name="Convert To Number" library="BuiltIn">
<doc>Converts the given item to a floating point number.</doc>
<arguments>
<arg>${operand2}</arg>
</arguments>
<assign>
<var>${ints2}</var>
</assign>
<msg timestamp="20210308 23:01:47.763" level="INFO">${ints2} = 15.0</msg>
<status status="PASS" starttime="20210308 23:01:47.763" endtime="20210308 23:01:47.763"></status>
</kw>
<kw name="${ints1}+${ints2}">
<assign>
<var>${result}=</var>
</assign>
<msg timestamp="20210308 23:01:47.764" level="FAIL">No keyword with name '${ints1}+${ints2}' found.</msg>
<status status="FAIL" starttime="20210308 23:01:47.764" endtime="20210308 23:01:47.764"></status>
</kw>
<status status="FAIL" starttime="20210308 23:01:47.762" endtime="20210308 23:01:47.765" critical="yes">No keyword with name '${ints1}+${ints2}' found.</status>
</test>
<status status="FAIL" starttime="20210308 23:01:47.744" endtime="20210308 23:01:47.766"></status>
</suite>
<statistics>
<total>
<stat pass="0" fail="1">Critical Tests</stat>
<stat pass="0" fail="1">All Tests</stat>
</total>
<tag>
</tag>
<suite>
<stat pass="0" fail="1" id="s1" name="DiscoverRobotFramework">DiscoverRobotFramework</stat>
</suite>
</statistics>
<errors>
</errors>
</robot>
